<?xml version="1.0" encoding="UTF-8"?>
<testng-results skipped="0" failed="0" ignored="0" total="1" passed="1">
  <reporter-output>
  </reporter-output>
  <suite name="Suite" duration-ms="45" started-at="2019-02-18T07:05:43Z" finished-at="2019-02-18T07:05:43Z">
    <groups>
    </groups>
    <test name="Test" duration-ms="45" started-at="2019-02-18T07:05:43Z" finished-at="2019-02-18T07:05:43Z">
      <class name="projectONE.DemoAONE">
        <test-method status="PASS" signature="TestA()[pri:0, instance:projectONE.DemoAONE@6cc4c815]" name="TestA" duration-ms="13" started-at="2019-02-18T07:05:43Z" finished-at="2019-02-18T07:05:43Z">
          <reporter-output>
          </reporter-output>
        </test-method> <!-- TestA -->
      </class> <!-- projectONE.DemoAONE -->
    </test> <!-- Test -->
  </suite> <!-- Suite -->
</testng-results>
